<?xml version="1.0" encoding="UTF-8"?>
<!-- Generated by org.testng.reporters.JUnitXMLReporter -->
<testsuite ignored="0" hostname="binsonPc" failures="1" tests="4" name=" functionalTesting" time="9.956" errors="0" timestamp="2021-04-24T10:53:49 EDT">
  <testcase classname="Test.LoginTest" name="getTitle" time="1.809">
    <failure type="java.lang.AssertionError">
      <![CDATA[java.lang.AssertionError
at org.junit.Assert.fail(Assert.java:86)
at org.junit.Assert.assertTrue(Assert.java:41)
at org.junit.Assert.assertTrue(Assert.java:52)
at Test.LoginTest.getTitle(LoginTest.java:24)
at java.base/java.util.ArrayList.forEach(ArrayList.java:1541)
... Removed 27 stack frames]]>
    </failure>
  </testcase> <!-- getTitle -->
  <testcase classname="Test.LoginTest" name="LogoVerification" time="0.908"/>
  <testcase classname="Test.LoginTest" name="btnClickable" time="0.324"/>
  <testcase classname="Test.LoginTest" name="display" time="4.25"/>
</testsuite> <!--  functionalTesting -->
