<?xml version="1.0" encoding="UTF-8"?>
<testng-results ignored="0" total="4" passed="3" failed="1" skipped="0">
  <reporter-output>
  </reporter-output>
  <suite started-at="2021-04-24T10:53:39 EDT" name="Suite1" finished-at="2021-04-24T10:53:49 EDT" duration-ms="9956">
    <groups>
    </groups>
    <test started-at="2021-04-24T10:53:39 EDT" name=" functionalTesting" finished-at="2021-04-24T10:53:49 EDT" duration-ms="9956">
      <class name="Test.LoginTest">
        <test-method is-config="true" signature="SetUp(java.lang.String)[pri:0, instance:Test.LoginTest@e1de817]" started-at="2021-04-24T10:53:39 EDT" name="SetUp" finished-at="2021-04-24T10:53:40 EDT" duration-ms="1755" status="PASS">
          <params>
            <param index="0">
              <value>
                <![CDATA[chrome]]>
              </value>
            </param>
          </params>
          <reporter-output>
          </reporter-output>
        </test-method> <!-- SetUp -->
        <test-method signature="getTitle()[pri:1, instance:Test.LoginTest@e1de817]" started-at="2021-04-24T10:53:41 EDT" name="getTitle" finished-at="2021-04-24T10:53:42 EDT" duration-ms="1809" status="FAIL">
          <exception class="java.lang.AssertionError">
            <full-stacktrace>
              <![CDATA[java.lang.AssertionError
at org.junit.Assert.fail(Assert.java:86)
at org.junit.Assert.assertTrue(Assert.java:41)
at org.junit.Assert.assertTrue(Assert.java:52)
at Test.LoginTest.getTitle(LoginTest.java:24)
at java.base/jdk.internal.reflect.NativeMethodAccessorImpl.invoke0(Native Method)
at java.base/jdk.internal.reflect.NativeMethodAccessorImpl.invoke(NativeMethodAccessorImpl.java:62)
at java.base/jdk.internal.reflect.DelegatingMethodAccessorImpl.invoke(DelegatingMethodAccessorImpl.java:43)
at java.base/java.lang.reflect.Method.invoke(Method.java:566)
at org.testng.internal.MethodInvocationHelper.invokeMethod(MethodInvocationHelper.java:132)
at org.testng.internal.TestInvoker.invokeMethod(TestInvoker.java:599)
at org.testng.internal.TestInvoker.invokeTestMethod(TestInvoker.java:174)
at org.testng.internal.MethodRunner.runInSequence(MethodRunner.java:46)
at org.testng.internal.TestInvoker$MethodInvocationAgent.invoke(TestInvoker.java:822)
at org.testng.internal.TestInvoker.invokeTestMethods(TestInvoker.java:147)
at org.testng.internal.TestMethodWorker.invokeTestMethods(TestMethodWorker.java:146)
at org.testng.internal.TestMethodWorker.run(TestMethodWorker.java:128)
at java.base/java.util.ArrayList.forEach(ArrayList.java:1541)
at org.testng.TestRunner.privateRun(TestRunner.java:764)
at org.testng.TestRunner.run(TestRunner.java:585)
at org.testng.SuiteRunner.runTest(SuiteRunner.java:384)
at org.testng.SuiteRunner.runSequentially(SuiteRunner.java:378)
at org.testng.SuiteRunner.privateRun(SuiteRunner.java:337)
at org.testng.SuiteRunner.run(SuiteRunner.java:286)
at org.testng.SuiteRunnerWorker.runSuite(SuiteRunnerWorker.java:53)
at org.testng.SuiteRunnerWorker.run(SuiteRunnerWorker.java:96)
at org.testng.TestNG.runSuitesSequentially(TestNG.java:1218)
at org.testng.TestNG.runSuitesLocally(TestNG.java:1140)
at org.testng.TestNG.runSuites(TestNG.java:1069)
at org.testng.TestNG.run(TestNG.java:1037)
at org.testng.remote.AbstractRemoteTestNG.run(AbstractRemoteTestNG.java:115)
at org.testng.remote.RemoteTestNG.initAndRun(RemoteTestNG.java:251)
at org.testng.remote.RemoteTestNG.main(RemoteTestNG.java:77)
]]>
            </full-stacktrace>
          </exception> <!-- java.lang.AssertionError -->
          <reporter-output>
          </reporter-output>
        </test-method> <!-- getTitle -->
        <test-method signature="LogoVerification()[pri:2, instance:Test.LoginTest@e1de817]" started-at="2021-04-24T10:53:42 EDT" name="LogoVerification" finished-at="2021-04-24T10:53:43 EDT" duration-ms="908" status="PASS">
          <reporter-output>
          </reporter-output>
        </test-method> <!-- LogoVerification -->
        <test-method signature="btnClickable()[pri:3, instance:Test.LoginTest@e1de817]" started-at="2021-04-24T10:53:43 EDT" name="btnClickable" finished-at="2021-04-24T10:53:44 EDT" duration-ms="324" status="PASS">
          <reporter-output>
          </reporter-output>
        </test-method> <!-- btnClickable -->
        <test-method signature="display()[pri:4, instance:Test.LoginTest@e1de817]" started-at="2021-04-24T10:53:44 EDT" name="display" finished-at="2021-04-24T10:53:48 EDT" duration-ms="4250" status="PASS">
          <reporter-output>
          </reporter-output>
        </test-method> <!-- display -->
        <test-method is-config="true" signature="tearDown()[pri:0, instance:Test.LoginTest@e1de817]" started-at="2021-04-24T10:53:48 EDT" name="tearDown" finished-at="2021-04-24T10:53:49 EDT" duration-ms="697" status="PASS">
          <reporter-output>
          </reporter-output>
        </test-method> <!-- tearDown -->
      </class> <!-- Test.LoginTest -->
    </test> <!--  functionalTesting -->
  </suite> <!-- Suite1 -->
</testng-results>
